<?xml version="1.0" encoding="UTF-8"?>
<!-- Generated by org.testng.reporters.JUnitReportReporter -->
<testsuite hostname="Lenovo-Lap" failures="0" tests="1" name="Pages.LoginPage" time="0.078" errors="0" timestamp="2021-12-15T15:22:01 IST" skipped="0">
  <testcase classname="Pages.LoginPage" name="printing_hello" time="0.078"/>
  <system-out/>
</testsuite> <!-- Pages.LoginPage -->
