<?xml version="1.0" encoding="UTF-8"?>
<!-- Generated by org.testng.reporters.JUnitReportReporter -->
<testsuite hostname="Lenovo-Lap" failures="0" tests="2" name="runner.RunnerClass" time="0.656" errors="0" timestamp="2021-12-19T11:30:17 IST" skipped="0">
  <testcase classname="runner.RunnerClass" name="runScenario" time="0.640"/>
  <system-out/>
  <testcase classname="runner.RunnerClass" name="runScenario" time="0.016"/>
  <system-out/>
</testsuite> <!-- runner.RunnerClass -->
